0 verbose cli /usr/bin/node /usr/bin/npm
1 info using npm@10.8.2
2 info using node@v20.17.0
3 silly config load:file:/usr/lib/node_modules/npm/npmrc
4 silly config load:file:/home/user/backend/.npmrc
5 silly config load:file:/home/user/.npmrc
6 silly config load:file:/usr/etc/npmrc
7 verbose title npm install mysql2 sequelize
8 verbose argv "install" "mysql2" "sequelize"
9 verbose logfile logs-max:10 dir:/home/user/.npm/_logs/2024-10-15T00_26_13_550Z-
10 verbose logfile /home/user/.npm/_logs/2024-10-15T00_26_13_550Z-debug-0.log
11 silly packumentCache heap:2114453504 maxSize:528613376 maxEntrySize:264306688
12 silly logfile done cleaning log files
13 silly idealTree buildDeps
14 silly fetch manifest mysql2@^3.11.3
15 silly packumentCache full:https://registry.npmjs.org/mysql2 cache-miss
16 http fetch GET 200 https://registry.npmjs.org/mysql2 166ms (cache revalidated)
17 silly packumentCache full:https://registry.npmjs.org/mysql2 set size:473375 disposed:false
18 silly fetch manifest sequelize@^6.37.4
19 silly packumentCache full:https://registry.npmjs.org/sequelize cache-miss
20 http fetch GET 200 https://registry.npmjs.org/sequelize 48ms (cache revalidated)
21 silly packumentCache full:https://registry.npmjs.org/sequelize set size:4267414 disposed:false
22 silly placeDep ROOT mysql2@3.11.3 REPLACE for: backend@1.0.0 want: ^3.11.3
23 silly placeDep ROOT sequelize@6.37.4 REPLACE for: backend@1.0.0 want: ^6.37.4
24 silly reify moves {}
25 silly audit bulk request {
25 silly audit   '@types/debug': [ '4.1.12' ],
25 silly audit   '@types/ms': [ '0.7.34' ],
25 silly audit   '@types/node': [ '22.7.5' ],
25 silly audit   '@types/validator': [ '13.12.2' ],
25 silly audit   accepts: [ '1.3.8' ],
25 silly audit   'array-flatten': [ '1.1.1' ],
25 silly audit   'aws-ssl-profiles': [ '1.1.2' ],
25 silly audit   'body-parser': [ '1.20.3' ],
25 silly audit   bytes: [ '3.1.2' ],
25 silly audit   'call-bind': [ '1.0.7' ],
25 silly audit   'content-disposition': [ '0.5.4' ],
25 silly audit   'content-type': [ '1.0.5' ],
25 silly audit   cookie: [ '0.7.1' ],
25 silly audit   'cookie-signature': [ '1.0.6' ],
25 silly audit   debug: [ '2.6.9', '4.3.7' ],
25 silly audit   'define-data-property': [ '1.1.4' ],
25 silly audit   denque: [ '2.1.0' ],
25 silly audit   depd: [ '2.0.0' ],
25 silly audit   destroy: [ '1.2.0' ],
25 silly audit   dottie: [ '2.0.6' ],
25 silly audit   'ee-first': [ '1.1.1' ],
25 silly audit   encodeurl: [ '2.0.0', '1.0.2' ],
25 silly audit   'es-define-property': [ '1.0.0' ],
25 silly audit   'es-errors': [ '1.3.0' ],
25 silly audit   'escape-html': [ '1.0.3' ],
25 silly audit   etag: [ '1.8.1' ],
25 silly audit   express: [ '4.21.1' ],
25 silly audit   finalhandler: [ '1.3.1' ],
25 silly audit   forwarded: [ '0.2.0' ],
25 silly audit   fresh: [ '0.5.2' ],
25 silly audit   'function-bind': [ '1.1.2' ],
25 silly audit   'generate-function': [ '2.3.1' ],
25 silly audit   'get-intrinsic': [ '1.2.4' ],
25 silly audit   gopd: [ '1.0.1' ],
25 silly audit   'has-property-descriptors': [ '1.0.2' ],
25 silly audit   'has-proto': [ '1.0.3' ],
25 silly audit   'has-symbols': [ '1.0.3' ],
25 silly audit   hasown: [ '2.0.2' ],
25 silly audit   'http-errors': [ '2.0.0' ],
25 silly audit   'iconv-lite': [ '0.4.24', '0.6.3' ],
25 silly audit   inflection: [ '1.13.4' ],
25 silly audit   inherits: [ '2.0.4' ],
25 silly audit   'ipaddr.js': [ '1.9.1' ],
25 silly audit   'is-property': [ '1.0.2' ],
25 silly audit   lodash: [ '4.17.21' ],
25 silly audit   long: [ '5.2.3' ],
25 silly audit   'lru-cache': [ '7.18.3' ],
25 silly audit   'lru.min': [ '1.1.1' ],
25 silly audit   'media-typer': [ '0.3.0' ],
25 silly audit   'merge-descriptors': [ '1.0.3' ],
25 silly audit   methods: [ '1.1.2' ],
25 silly audit   mime: [ '1.6.0' ],
25 silly audit   'mime-db': [ '1.52.0' ],
25 silly audit   'mime-types': [ '2.1.35' ],
25 silly audit   moment: [ '2.30.1' ],
25 silly audit   'moment-timezone': [ '0.5.46' ],
25 silly audit   ms: [ '2.0.0', '2.1.3' ],
25 silly audit   'named-placeholders': [ '1.1.3' ],
25 silly audit   negotiator: [ '0.6.3' ],
25 silly audit   'object-inspect': [ '1.13.2' ],
25 silly audit   'on-finished': [ '2.4.1' ],
25 silly audit   parseurl: [ '1.3.3' ],
25 silly audit   'path-to-regexp': [ '0.1.10' ],
25 silly audit   'pg-connection-string': [ '2.7.0' ],
25 silly audit   'proxy-addr': [ '2.0.7' ],
25 silly audit   qs: [ '6.13.0' ],
25 silly audit   'range-parser': [ '1.2.1' ],
25 silly audit   'raw-body': [ '2.5.2' ],
25 silly audit   'retry-as-promised': [ '7.0.4' ],
25 silly audit   'safe-buffer': [ '5.2.1' ],
25 silly audit   'safer-buffer': [ '2.1.2' ],
25 silly audit   semver: [ '7.6.3' ],
25 silly audit   send: [ '0.19.0' ],
25 silly audit   'seq-queue': [ '0.0.5' ],
25 silly audit   'sequelize-pool': [ '7.1.0' ],
25 silly audit   'serve-static': [ '1.16.2' ],
25 silly audit   'set-function-length': [ '1.2.2' ],
25 silly audit   setprototypeof: [ '1.2.0' ],
25 silly audit   'side-channel': [ '1.0.6' ],
25 silly audit   sqlstring: [ '2.3.3' ],
25 silly audit   statuses: [ '2.0.1' ],
25 silly audit   toidentifier: [ '1.0.1' ],
25 silly audit   'toposort-class': [ '1.0.1' ],
25 silly audit   'type-is': [ '1.6.18' ],
25 silly audit   'undici-types': [ '6.19.8' ],
25 silly audit   unpipe: [ '1.0.0' ],
25 silly audit   'utils-merge': [ '1.0.1' ],
25 silly audit   uuid: [ '8.3.2' ],
25 silly audit   validator: [ '13.12.0' ],
25 silly audit   vary: [ '1.1.2' ],
25 silly audit   wkx: [ '0.5.0' ],
25 silly audit   mysql2: [ '3.11.3' ],
25 silly audit   sequelize: [ '6.37.4' ]
25 silly audit }
26 http fetch POST 200 https://registry.npmjs.org/-/npm/v1/security/advisories/bulk 112ms
27 silly audit report {}
28 verbose cwd /home/user/backend
29 verbose os Linux 5.10.186+
30 verbose node v20.17.0
31 verbose npm  v10.8.2
32 verbose exit 0
33 info ok
