0 verbose cli /usr/bin/node /usr/bin/npm
1 info using npm@10.8.2
2 info using node@v20.17.0
3 silly config load:file:/usr/lib/node_modules/npm/npmrc
4 silly config load:file:/home/user/backend/.npmrc
5 silly config load:file:/home/user/.npmrc
6 silly config load:file:/usr/etc/npmrc
7 verbose title npm install express mysql2 sequelize
8 verbose argv "install" "express" "mysql2" "sequelize"
9 verbose logfile logs-max:10 dir:/home/user/.npm/_logs/2024-10-15T00_11_19_634Z-
10 verbose logfile /home/user/.npm/_logs/2024-10-15T00_11_19_634Z-debug-0.log
11 silly packumentCache heap:2114453504 maxSize:528613376 maxEntrySize:264306688
12 silly logfile done cleaning log files
13 silly idealTree buildDeps
14 silly fetch manifest express@*
15 silly packumentCache full:https://registry.npmjs.org/express cache-miss
16 http fetch GET 200 https://registry.npmjs.org/express 154ms (cache miss)
17 silly packumentCache full:https://registry.npmjs.org/express set size:undefined disposed:false
18 silly fetch manifest mysql2@*
19 silly packumentCache full:https://registry.npmjs.org/mysql2 cache-miss
20 http fetch GET 200 https://registry.npmjs.org/mysql2 53ms (cache miss)
21 silly packumentCache full:https://registry.npmjs.org/mysql2 set size:undefined disposed:false
22 silly fetch manifest sequelize@*
23 silly packumentCache full:https://registry.npmjs.org/sequelize cache-miss
24 http fetch GET 200 https://registry.npmjs.org/sequelize 124ms (cache miss)
25 silly packumentCache full:https://registry.npmjs.org/sequelize set size:undefined disposed:false
26 silly placeDep ROOT express@4.21.1 OK for: backend@1.0.0 want: *
27 silly placeDep ROOT mysql2@3.11.3 OK for: backend@1.0.0 want: *
28 silly placeDep ROOT sequelize@6.37.4 OK for: backend@1.0.0 want: *
29 silly fetch manifest qs@6.13.0
30 silly packumentCache full:https://registry.npmjs.org/qs cache-miss
31 silly fetch manifest depd@2.0.0
32 silly packumentCache full:https://registry.npmjs.org/depd cache-miss
33 silly fetch manifest etag@~1.8.1
34 silly packumentCache full:https://registry.npmjs.org/etag cache-miss
35 silly fetch manifest send@0.19.0
36 silly packumentCache full:https://registry.npmjs.org/send cache-miss
37 silly fetch manifest vary@~1.1.2
38 silly packumentCache full:https://registry.npmjs.org/vary cache-miss
39 silly fetch manifest debug@2.6.9
40 silly packumentCache full:https://registry.npmjs.org/debug cache-miss
41 silly fetch manifest fresh@0.5.2
42 silly packumentCache full:https://registry.npmjs.org/fresh cache-miss
43 http fetch GET 200 https://registry.npmjs.org/qs 70ms (cache miss)
44 silly packumentCache full:https://registry.npmjs.org/qs set size:undefined disposed:false
45 silly fetch manifest cookie@0.7.1
46 silly packumentCache full:https://registry.npmjs.org/cookie cache-miss
47 http fetch GET 200 https://registry.npmjs.org/send 88ms (cache miss)
48 silly packumentCache full:https://registry.npmjs.org/send set size:undefined disposed:false
49 silly fetch manifest accepts@~1.3.8
50 silly packumentCache full:https://registry.npmjs.org/accepts cache-miss
51 http fetch GET 200 https://registry.npmjs.org/cookie 45ms (cache miss)
52 silly packumentCache full:https://registry.npmjs.org/cookie set size:undefined disposed:false
53 silly fetch manifest methods@~1.1.2
54 silly packumentCache full:https://registry.npmjs.org/methods cache-miss
55 http fetch GET 200 https://registry.npmjs.org/fresh 122ms (cache miss)
56 silly packumentCache full:https://registry.npmjs.org/fresh set size:undefined disposed:false
57 silly fetch manifest type-is@~1.6.18
58 silly packumentCache full:https://registry.npmjs.org/type-is cache-miss
59 http fetch GET 200 https://registry.npmjs.org/vary 126ms (cache miss)
60 silly packumentCache full:https://registry.npmjs.org/vary set size:undefined disposed:false
61 silly fetch manifest parseurl@~1.3.3
62 silly packumentCache full:https://registry.npmjs.org/parseurl cache-miss
63 http fetch GET 200 https://registry.npmjs.org/depd 133ms (cache miss)
64 silly packumentCache full:https://registry.npmjs.org/depd set size:undefined disposed:false
65 silly fetch manifest statuses@2.0.1
66 silly packumentCache full:https://registry.npmjs.org/statuses cache-miss
67 http fetch GET 200 https://registry.npmjs.org/etag 136ms (cache miss)
68 silly packumentCache full:https://registry.npmjs.org/etag set size:undefined disposed:false
69 silly fetch manifest encodeurl@~2.0.0
70 silly packumentCache full:https://registry.npmjs.org/encodeurl cache-miss
71 http fetch GET 200 https://registry.npmjs.org/methods 28ms (cache miss)
72 silly packumentCache full:https://registry.npmjs.org/methods set size:undefined disposed:false
73 silly fetch manifest proxy-addr@~2.0.7
74 silly packumentCache full:https://registry.npmjs.org/proxy-addr cache-miss
75 http fetch GET 200 https://registry.npmjs.org/accepts 59ms (cache miss)
76 silly packumentCache full:https://registry.npmjs.org/accepts set size:undefined disposed:false
77 silly fetch manifest body-parser@1.20.3
78 silly packumentCache full:https://registry.npmjs.org/body-parser cache-miss
79 http fetch GET 200 https://registry.npmjs.org/debug 165ms (cache miss)
80 silly packumentCache full:https://registry.npmjs.org/debug set size:undefined disposed:false
81 silly fetch manifest escape-html@~1.0.3
82 silly packumentCache full:https://registry.npmjs.org/escape-html cache-miss
83 http fetch GET 200 https://registry.npmjs.org/parseurl 45ms (cache miss)
84 silly packumentCache full:https://registry.npmjs.org/parseurl set size:undefined disposed:false
85 silly fetch manifest http-errors@2.0.0
86 silly packumentCache full:https://registry.npmjs.org/http-errors cache-miss
87 http fetch GET 200 https://registry.npmjs.org/type-is 52ms (cache miss)
88 silly packumentCache full:https://registry.npmjs.org/type-is set size:undefined disposed:false
89 silly fetch manifest on-finished@2.4.1
90 silly packumentCache full:https://registry.npmjs.org/on-finished cache-miss
91 http fetch GET 200 https://registry.npmjs.org/statuses 48ms (cache miss)
92 silly packumentCache full:https://registry.npmjs.org/statuses set size:undefined disposed:false
93 silly fetch manifest safe-buffer@5.2.1
94 silly packumentCache full:https://registry.npmjs.org/safe-buffer cache-miss
95 http fetch GET 200 https://registry.npmjs.org/proxy-addr 39ms (cache miss)
96 silly packumentCache full:https://registry.npmjs.org/proxy-addr set size:undefined disposed:false
97 silly fetch manifest utils-merge@1.0.1
98 silly packumentCache full:https://registry.npmjs.org/utils-merge cache-miss
99 http fetch GET 200 https://registry.npmjs.org/escape-html 41ms (cache miss)
100 silly packumentCache full:https://registry.npmjs.org/escape-html set size:undefined disposed:false
101 silly fetch manifest content-type@~1.0.4
102 silly packumentCache full:https://registry.npmjs.org/content-type cache-miss
103 http fetch GET 200 https://registry.npmjs.org/encodeurl 80ms (cache miss)
104 silly packumentCache full:https://registry.npmjs.org/encodeurl set size:undefined disposed:false
105 silly fetch manifest finalhandler@1.3.1
106 silly packumentCache full:https://registry.npmjs.org/finalhandler cache-miss
107 http fetch GET 200 https://registry.npmjs.org/body-parser 70ms (cache miss)
108 silly packumentCache full:https://registry.npmjs.org/body-parser set size:undefined disposed:false
109 silly fetch manifest range-parser@~1.2.1
110 silly packumentCache full:https://registry.npmjs.org/range-parser cache-miss
111 http fetch GET 200 https://registry.npmjs.org/http-errors 55ms (cache miss)
112 silly packumentCache full:https://registry.npmjs.org/http-errors set size:undefined disposed:false
113 silly fetch manifest serve-static@1.16.2
114 silly packumentCache full:https://registry.npmjs.org/serve-static cache-miss
115 http fetch GET 200 https://registry.npmjs.org/on-finished 75ms (cache miss)
116 silly packumentCache full:https://registry.npmjs.org/on-finished set size:undefined disposed:false
117 silly fetch manifest array-flatten@1.1.1
118 silly packumentCache full:https://registry.npmjs.org/array-flatten cache-miss
119 http fetch GET 200 https://registry.npmjs.org/utils-merge 72ms (cache miss)
120 silly packumentCache full:https://registry.npmjs.org/utils-merge set size:undefined disposed:false
121 silly fetch manifest path-to-regexp@0.1.10
122 silly packumentCache full:https://registry.npmjs.org/path-to-regexp cache-miss
123 http fetch GET 200 https://registry.npmjs.org/content-type 58ms (cache miss)
124 silly packumentCache full:https://registry.npmjs.org/content-type set size:undefined disposed:false
125 silly fetch manifest setprototypeof@1.2.0
126 silly packumentCache full:https://registry.npmjs.org/setprototypeof cache-miss
127 http fetch GET 200 https://registry.npmjs.org/finalhandler 58ms (cache miss)
128 silly packumentCache full:https://registry.npmjs.org/finalhandler set size:undefined disposed:false
129 silly fetch manifest cookie-signature@1.0.6
130 silly packumentCache full:https://registry.npmjs.org/cookie-signature cache-miss
131 http fetch GET 200 https://registry.npmjs.org/safe-buffer 100ms (cache miss)
132 silly packumentCache full:https://registry.npmjs.org/safe-buffer set size:undefined disposed:false
133 silly fetch manifest merge-descriptors@1.0.3
134 silly packumentCache full:https://registry.npmjs.org/merge-descriptors cache-miss
135 http fetch GET 200 https://registry.npmjs.org/range-parser 62ms (cache miss)
136 silly packumentCache full:https://registry.npmjs.org/range-parser set size:undefined disposed:false
137 silly fetch manifest content-disposition@0.5.4
138 silly packumentCache full:https://registry.npmjs.org/content-disposition cache-miss
139 http fetch GET 200 https://registry.npmjs.org/serve-static 67ms (cache miss)
140 silly packumentCache full:https://registry.npmjs.org/serve-static set size:undefined disposed:false
141 silly fetch manifest aws-ssl-profiles@^1.1.1
142 silly packumentCache full:https://registry.npmjs.org/aws-ssl-profiles cache-miss
143 http fetch GET 200 https://registry.npmjs.org/array-flatten 49ms (cache miss)
144 silly packumentCache full:https://registry.npmjs.org/array-flatten set size:undefined disposed:false
145 silly fetch manifest denque@^2.1.0
146 silly packumentCache full:https://registry.npmjs.org/denque cache-miss
147 http fetch GET 200 https://registry.npmjs.org/setprototypeof 38ms (cache miss)
148 silly packumentCache full:https://registry.npmjs.org/setprototypeof set size:undefined disposed:false
149 silly fetch manifest generate-function@^2.3.1
150 silly packumentCache full:https://registry.npmjs.org/generate-function cache-miss
151 http fetch GET 200 https://registry.npmjs.org/path-to-regexp 60ms (cache miss)
152 silly packumentCache full:https://registry.npmjs.org/path-to-regexp set size:undefined disposed:false
153 silly fetch manifest iconv-lite@^0.6.3
154 silly packumentCache full:https://registry.npmjs.org/iconv-lite cache-miss
155 http fetch GET 200 https://registry.npmjs.org/merge-descriptors 45ms (cache miss)
156 silly packumentCache full:https://registry.npmjs.org/merge-descriptors set size:undefined disposed:false
157 silly fetch manifest long@^5.2.1
158 silly packumentCache full:https://registry.npmjs.org/long cache-miss
159 http fetch GET 200 https://registry.npmjs.org/cookie-signature 57ms (cache miss)
160 silly packumentCache full:https://registry.npmjs.org/cookie-signature set size:undefined disposed:false
161 silly fetch manifest lru.min@^1.0.0
162 silly packumentCache full:https://registry.npmjs.org/lru.min cache-miss
163 http fetch GET 200 https://registry.npmjs.org/content-disposition 78ms (cache miss)
164 silly packumentCache full:https://registry.npmjs.org/content-disposition set size:undefined disposed:false
165 silly fetch manifest named-placeholders@^1.1.3
166 silly packumentCache full:https://registry.npmjs.org/named-placeholders cache-miss
167 http fetch GET 200 https://registry.npmjs.org/generate-function 57ms (cache miss)
168 silly packumentCache full:https://registry.npmjs.org/generate-function set size:undefined disposed:false
169 silly fetch manifest seq-queue@^0.0.5
170 silly packumentCache full:https://registry.npmjs.org/seq-queue cache-miss
171 http fetch GET 200 https://registry.npmjs.org/aws-ssl-profiles 80ms (cache miss)
172 silly packumentCache full:https://registry.npmjs.org/aws-ssl-profiles set size:undefined disposed:false
173 silly fetch manifest sqlstring@^2.3.2
174 silly packumentCache full:https://registry.npmjs.org/sqlstring cache-miss
175 http fetch GET 200 https://registry.npmjs.org/denque 81ms (cache miss)
176 silly packumentCache full:https://registry.npmjs.org/denque set size:undefined disposed:false
177 silly fetch manifest @types/debug@^4.1.8
178 silly packumentCache full:https://registry.npmjs.org/@types%2fdebug cache-miss
179 http fetch GET 200 https://registry.npmjs.org/long 62ms (cache miss)
180 silly packumentCache full:https://registry.npmjs.org/long set size:undefined disposed:false
181 silly fetch manifest @types/validator@^13.7.17
182 silly packumentCache full:https://registry.npmjs.org/@types%2fvalidator cache-miss
183 http fetch GET 200 https://registry.npmjs.org/iconv-lite 70ms (cache miss)
184 silly packumentCache full:https://registry.npmjs.org/iconv-lite set size:undefined disposed:false
185 silly fetch manifest debug@^4.3.4
186 silly packumentCache full:https://registry.npmjs.org/debug cache-miss
187 http fetch GET 200 https://registry.npmjs.org/lru.min 77ms (cache miss)
188 silly packumentCache full:https://registry.npmjs.org/lru.min set size:undefined disposed:false
189 silly fetch manifest dottie@^2.0.6
190 silly packumentCache full:https://registry.npmjs.org/dottie cache-miss
191 http fetch GET 200 https://registry.npmjs.org/debug 62ms (cache hit)
192 silly packumentCache full:https://registry.npmjs.org/debug set size:188929 disposed:false
193 silly fetch manifest inflection@^1.13.4
194 silly packumentCache full:https://registry.npmjs.org/inflection cache-miss
195 http fetch GET 200 https://registry.npmjs.org/named-placeholders 106ms (cache miss)
196 silly packumentCache full:https://registry.npmjs.org/named-placeholders set size:undefined disposed:false
197 silly fetch manifest lodash@^4.17.21
198 silly packumentCache full:https://registry.npmjs.org/lodash cache-miss
199 http fetch GET 200 https://registry.npmjs.org/seq-queue 105ms (cache miss)
200 silly packumentCache full:https://registry.npmjs.org/seq-queue set size:undefined disposed:false
201 silly fetch manifest moment@^2.29.4
202 silly packumentCache full:https://registry.npmjs.org/moment cache-miss
203 http fetch GET 200 https://registry.npmjs.org/sqlstring 100ms (cache miss)
204 silly packumentCache full:https://registry.npmjs.org/sqlstring set size:undefined disposed:false
205 silly fetch manifest moment-timezone@^0.5.43
206 silly packumentCache full:https://registry.npmjs.org/moment-timezone cache-miss
207 http fetch GET 200 https://registry.npmjs.org/@types%2fdebug 98ms (cache miss)
208 silly packumentCache full:https://registry.npmjs.org/@types%2fdebug set size:undefined disposed:false
209 silly fetch manifest pg-connection-string@^2.6.1
210 silly packumentCache full:https://registry.npmjs.org/pg-connection-string cache-miss
211 http fetch GET 200 https://registry.npmjs.org/@types%2fvalidator 96ms (cache miss)
212 silly packumentCache full:https://registry.npmjs.org/@types%2fvalidator set size:undefined disposed:false
213 silly fetch manifest retry-as-promised@^7.0.4
214 silly packumentCache full:https://registry.npmjs.org/retry-as-promised cache-miss
215 http fetch GET 200 https://registry.npmjs.org/dottie 122ms (cache miss)
216 silly packumentCache full:https://registry.npmjs.org/dottie set size:undefined disposed:false
217 silly fetch manifest semver@^7.5.4
218 silly packumentCache full:https://registry.npmjs.org/semver cache-miss
219 http fetch GET 200 https://registry.npmjs.org/pg-connection-string 62ms (cache miss)
220 silly packumentCache full:https://registry.npmjs.org/pg-connection-string set size:undefined disposed:false
221 silly fetch manifest sequelize-pool@^7.1.0
222 silly packumentCache full:https://registry.npmjs.org/sequelize-pool cache-miss
223 http fetch GET 200 https://registry.npmjs.org/inflection 85ms (cache miss)
224 silly packumentCache full:https://registry.npmjs.org/inflection set size:undefined disposed:false
225 silly fetch manifest toposort-class@^1.0.1
226 silly packumentCache full:https://registry.npmjs.org/toposort-class cache-miss
227 http fetch GET 200 https://registry.npmjs.org/retry-as-promised 63ms (cache miss)
228 silly packumentCache full:https://registry.npmjs.org/retry-as-promised set size:undefined disposed:false
229 silly fetch manifest uuid@^8.3.2
230 silly packumentCache full:https://registry.npmjs.org/uuid cache-miss
231 http fetch GET 200 https://registry.npmjs.org/moment-timezone 80ms (cache miss)
232 silly packumentCache full:https://registry.npmjs.org/moment-timezone set size:undefined disposed:false
233 silly fetch manifest validator@^13.9.0
234 silly packumentCache full:https://registry.npmjs.org/validator cache-miss
235 http fetch GET 200 https://registry.npmjs.org/lodash 95ms (cache miss)
236 silly packumentCache full:https://registry.npmjs.org/lodash set size:undefined disposed:false
237 silly fetch manifest wkx@^0.5.0
238 silly packumentCache full:https://registry.npmjs.org/wkx cache-miss
239 http fetch GET 200 https://registry.npmjs.org/moment 100ms (cache miss)
240 silly packumentCache full:https://registry.npmjs.org/moment set size:undefined disposed:false
241 http fetch GET 200 https://registry.npmjs.org/toposort-class 58ms (cache miss)
242 silly packumentCache full:https://registry.npmjs.org/toposort-class set size:undefined disposed:false
243 http fetch GET 200 https://registry.npmjs.org/sequelize-pool 66ms (cache miss)
244 silly packumentCache full:https://registry.npmjs.org/sequelize-pool set size:undefined disposed:false
245 http fetch GET 200 https://registry.npmjs.org/wkx 44ms (cache miss)
246 silly packumentCache full:https://registry.npmjs.org/wkx set size:undefined disposed:false
247 http fetch GET 200 https://registry.npmjs.org/uuid 61ms (cache miss)
248 silly packumentCache full:https://registry.npmjs.org/uuid set size:undefined disposed:false
249 http fetch GET 200 https://registry.npmjs.org/semver 93ms (cache miss)
250 silly packumentCache full:https://registry.npmjs.org/semver set size:undefined disposed:false
251 http fetch GET 200 https://registry.npmjs.org/validator 67ms (cache miss)
252 silly packumentCache full:https://registry.npmjs.org/validator set size:undefined disposed:false
253 silly placeDep ROOT accepts@1.3.8 OK for: express@4.21.1 want: ~1.3.8
254 silly placeDep ROOT array-flatten@1.1.1 OK for: express@4.21.1 want: 1.1.1
255 silly placeDep ROOT body-parser@1.20.3 OK for: express@4.21.1 want: 1.20.3
256 silly placeDep ROOT content-disposition@0.5.4 OK for: express@4.21.1 want: 0.5.4
257 silly placeDep ROOT content-type@1.0.5 OK for: express@4.21.1 want: ~1.0.4
258 silly placeDep ROOT cookie@0.7.1 OK for: express@4.21.1 want: 0.7.1
259 silly placeDep ROOT cookie-signature@1.0.6 OK for: express@4.21.1 want: 1.0.6
260 silly placeDep ROOT debug@2.6.9 OK for: express@4.21.1 want: 2.6.9
261 silly placeDep ROOT depd@2.0.0 OK for: express@4.21.1 want: 2.0.0
262 silly placeDep ROOT encodeurl@2.0.0 OK for: express@4.21.1 want: ~2.0.0
263 silly placeDep ROOT escape-html@1.0.3 OK for: express@4.21.1 want: ~1.0.3
264 silly placeDep ROOT etag@1.8.1 OK for: express@4.21.1 want: ~1.8.1
265 silly placeDep ROOT finalhandler@1.3.1 OK for: express@4.21.1 want: 1.3.1
266 silly placeDep ROOT fresh@0.5.2 OK for: express@4.21.1 want: 0.5.2
267 silly placeDep ROOT http-errors@2.0.0 OK for: express@4.21.1 want: 2.0.0
268 silly placeDep ROOT merge-descriptors@1.0.3 OK for: express@4.21.1 want: 1.0.3
269 silly placeDep ROOT methods@1.1.2 OK for: express@4.21.1 want: ~1.1.2
270 silly placeDep ROOT on-finished@2.4.1 OK for: express@4.21.1 want: 2.4.1
271 silly placeDep ROOT parseurl@1.3.3 OK for: express@4.21.1 want: ~1.3.3
272 silly placeDep ROOT path-to-regexp@0.1.10 OK for: express@4.21.1 want: 0.1.10
273 silly placeDep ROOT proxy-addr@2.0.7 OK for: express@4.21.1 want: ~2.0.7
274 silly placeDep ROOT qs@6.13.0 OK for: express@4.21.1 want: 6.13.0
275 silly placeDep ROOT range-parser@1.2.1 OK for: express@4.21.1 want: ~1.2.1
276 silly placeDep ROOT safe-buffer@5.2.1 OK for: express@4.21.1 want: 5.2.1
277 silly placeDep ROOT send@0.19.0 OK for: express@4.21.1 want: 0.19.0
278 silly placeDep ROOT serve-static@1.16.2 OK for: express@4.21.1 want: 1.16.2
279 silly placeDep ROOT setprototypeof@1.2.0 OK for: express@4.21.1 want: 1.2.0
280 silly placeDep ROOT statuses@2.0.1 OK for: express@4.21.1 want: 2.0.1
281 silly placeDep ROOT type-is@1.6.18 OK for: express@4.21.1 want: ~1.6.18
282 silly placeDep ROOT utils-merge@1.0.1 OK for: express@4.21.1 want: 1.0.1
283 silly placeDep ROOT vary@1.1.2 OK for: express@4.21.1 want: ~1.1.2
284 silly fetch manifest mime-types@~2.1.34
285 silly packumentCache full:https://registry.npmjs.org/mime-types cache-miss
286 silly fetch manifest negotiator@0.6.3
287 silly packumentCache full:https://registry.npmjs.org/negotiator cache-miss
288 silly fetch manifest bytes@3.1.2
289 silly packumentCache full:https://registry.npmjs.org/bytes cache-miss
290 silly fetch manifest unpipe@1.0.0
291 silly packumentCache full:https://registry.npmjs.org/unpipe cache-miss
292 silly fetch manifest destroy@1.2.0
293 silly packumentCache full:https://registry.npmjs.org/destroy cache-miss
294 silly fetch manifest raw-body@2.5.2
295 silly packumentCache full:https://registry.npmjs.org/raw-body cache-miss
296 silly fetch manifest iconv-lite@0.4.24
297 silly packumentCache full:https://registry.npmjs.org/iconv-lite cache-miss
298 http fetch GET 200 https://registry.npmjs.org/iconv-lite 11ms (cache hit)
299 silly packumentCache full:https://registry.npmjs.org/iconv-lite set size:115994 disposed:false
300 silly fetch manifest content-type@~1.0.5
301 silly packumentCache full:https://registry.npmjs.org/content-type cache-miss
302 http fetch GET 200 https://registry.npmjs.org/content-type 6ms (cache hit)
303 silly packumentCache full:https://registry.npmjs.org/content-type set size:17251 disposed:false
304 silly fetch manifest ms@2.0.0
305 silly packumentCache full:https://registry.npmjs.org/ms cache-miss
306 http fetch GET 200 https://registry.npmjs.org/destroy 31ms (cache miss)
307 silly packumentCache full:https://registry.npmjs.org/destroy set size:undefined disposed:false
308 silly fetch manifest unpipe@~1.0.0
309 silly packumentCache full:https://registry.npmjs.org/unpipe cache-miss
310 http fetch GET 200 https://registry.npmjs.org/mime-types 46ms (cache miss)
311 silly packumentCache full:https://registry.npmjs.org/mime-types set size:undefined disposed:false
312 silly fetch manifest inherits@2.0.4
313 silly packumentCache full:https://registry.npmjs.org/inherits cache-miss
314 http fetch GET 200 https://registry.npmjs.org/unpipe 66ms (cache miss)
315 silly packumentCache full:https://registry.npmjs.org/unpipe set size:undefined disposed:false
316 silly fetch manifest toidentifier@1.0.1
317 silly packumentCache full:https://registry.npmjs.org/toidentifier cache-miss
318 http fetch GET 200 https://registry.npmjs.org/negotiator 72ms (cache miss)
319 silly packumentCache full:https://registry.npmjs.org/negotiator set size:undefined disposed:false
320 silly fetch manifest ee-first@1.1.1
321 silly packumentCache full:https://registry.npmjs.org/ee-first cache-miss
322 http fetch GET 200 https://registry.npmjs.org/bytes 74ms (cache miss)
323 silly packumentCache full:https://registry.npmjs.org/bytes set size:undefined disposed:false
324 silly fetch manifest forwarded@0.2.0
325 silly packumentCache full:https://registry.npmjs.org/forwarded cache-miss
326 http fetch GET 200 https://registry.npmjs.org/unpipe 50ms (cache miss)
327 silly packumentCache full:https://registry.npmjs.org/unpipe set size:undefined disposed:false
328 silly fetch manifest ipaddr.js@1.9.1
329 silly packumentCache full:https://registry.npmjs.org/ipaddr.js cache-miss
330 http fetch GET 200 https://registry.npmjs.org/ms 60ms (cache miss)
331 silly packumentCache full:https://registry.npmjs.org/ms set size:undefined disposed:false
332 silly fetch manifest side-channel@^1.0.6
333 silly packumentCache full:https://registry.npmjs.org/side-channel cache-miss
334 http fetch GET 200 https://registry.npmjs.org/raw-body 90ms (cache miss)
335 silly packumentCache full:https://registry.npmjs.org/raw-body set size:undefined disposed:false
336 silly fetch manifest ms@2.1.3
337 silly packumentCache full:https://registry.npmjs.org/ms cache-miss
338 http fetch GET 200 https://registry.npmjs.org/inherits 56ms (cache miss)
339 silly packumentCache full:https://registry.npmjs.org/inherits set size:undefined disposed:false
340 silly fetch manifest mime@1.6.0
341 silly packumentCache full:https://registry.npmjs.org/mime cache-miss
342 http fetch GET 200 https://registry.npmjs.org/ms 10ms (cache hit)
343 silly packumentCache full:https://registry.npmjs.org/ms set size:84885 disposed:false
344 silly fetch manifest encodeurl@~1.0.2
345 silly packumentCache full:https://registry.npmjs.org/encodeurl cache-miss
346 http fetch GET 200 https://registry.npmjs.org/ee-first 45ms (cache miss)
347 silly packumentCache full:https://registry.npmjs.org/ee-first set size:undefined disposed:false
348 silly fetch manifest mime-types@~2.1.24
349 silly packumentCache full:https://registry.npmjs.org/mime-types cache-miss
350 http fetch GET 200 https://registry.npmjs.org/toidentifier 57ms (cache miss)
351 silly packumentCache full:https://registry.npmjs.org/toidentifier set size:undefined disposed:false
352 silly fetch manifest media-typer@0.3.0
353 silly packumentCache full:https://registry.npmjs.org/media-typer cache-miss
354 http fetch GET 200 https://registry.npmjs.org/encodeurl 21ms (cache hit)
355 silly packumentCache full:https://registry.npmjs.org/encodeurl set size:12296 disposed:false
356 http fetch GET 200 https://registry.npmjs.org/ipaddr.js 49ms (cache miss)
357 silly packumentCache full:https://registry.npmjs.org/ipaddr.js set size:undefined disposed:false
358 http fetch GET 200 https://registry.npmjs.org/forwarded 59ms (cache miss)
359 silly packumentCache full:https://registry.npmjs.org/forwarded set size:undefined disposed:false
360 http fetch GET 200 https://registry.npmjs.org/mime-types 19ms (cache hit)
361 silly packumentCache full:https://registry.npmjs.org/mime-types set size:129792 disposed:false
362 http fetch GET 200 https://registry.npmjs.org/side-channel 55ms (cache miss)
363 silly packumentCache full:https://registry.npmjs.org/side-channel set size:undefined disposed:false
364 http fetch GET 200 https://registry.npmjs.org/mime 43ms (cache miss)
365 silly packumentCache full:https://registry.npmjs.org/mime set size:undefined disposed:false
366 http fetch GET 200 https://registry.npmjs.org/media-typer 31ms (cache miss)
367 silly packumentCache full:https://registry.npmjs.org/media-typer set size:undefined disposed:false
368 silly placeDep ROOT mime-types@2.1.35 OK for: accepts@1.3.8 want: ~2.1.34
369 silly placeDep ROOT negotiator@0.6.3 OK for: accepts@1.3.8 want: 0.6.3
370 silly fetch manifest mime-db@1.52.0
371 silly packumentCache full:https://registry.npmjs.org/mime-db cache-miss
372 http fetch GET 200 https://registry.npmjs.org/mime-db 29ms (cache miss)
373 silly packumentCache full:https://registry.npmjs.org/mime-db set size:undefined disposed:false
374 silly placeDep ROOT bytes@3.1.2 OK for: body-parser@1.20.3 want: 3.1.2
375 silly placeDep ROOT destroy@1.2.0 OK for: body-parser@1.20.3 want: 1.2.0
376 silly placeDep ROOT iconv-lite@0.4.24 OK for: body-parser@1.20.3 want: 0.4.24
377 silly placeDep ROOT raw-body@2.5.2 OK for: body-parser@1.20.3 want: 2.5.2
378 silly placeDep ROOT unpipe@1.0.0 OK for: body-parser@1.20.3 want: 1.0.0
379 silly fetch manifest safer-buffer@>= 2.1.2 < 3
380 silly packumentCache full:https://registry.npmjs.org/safer-buffer cache-miss
381 http fetch GET 200 https://registry.npmjs.org/safer-buffer 28ms (cache miss)
382 silly packumentCache full:https://registry.npmjs.org/safer-buffer set size:undefined disposed:false
383 silly placeDep ROOT ms@2.0.0 OK for: debug@2.6.9 want: 2.0.0
384 silly placeDep ROOT inherits@2.0.4 OK for: http-errors@2.0.0 want: 2.0.4
385 silly placeDep ROOT toidentifier@1.0.1 OK for: http-errors@2.0.0 want: 1.0.1
386 silly placeDep ROOT safer-buffer@2.1.2 OK for: iconv-lite@0.4.24 want: >= 2.1.2 < 3
387 silly placeDep ROOT mime-db@1.52.0 OK for: mime-types@2.1.35 want: 1.52.0
388 silly placeDep ROOT aws-ssl-profiles@1.1.2 OK for: mysql2@3.11.3 want: ^1.1.1
389 silly placeDep ROOT denque@2.1.0 OK for: mysql2@3.11.3 want: ^2.1.0
390 silly placeDep ROOT generate-function@2.3.1 OK for: mysql2@3.11.3 want: ^2.3.1
391 silly placeDep node_modules/mysql2 iconv-lite@0.6.3 OK for: mysql2@3.11.3 want: ^0.6.3
392 silly placeDep ROOT long@5.2.3 OK for: mysql2@3.11.3 want: ^5.2.1
393 silly placeDep ROOT lru.min@1.1.1 OK for: mysql2@3.11.3 want: ^1.0.0
394 silly placeDep ROOT named-placeholders@1.1.3 OK for: mysql2@3.11.3 want: ^1.1.3
395 silly placeDep ROOT seq-queue@0.0.5 OK for: mysql2@3.11.3 want: ^0.0.5
396 silly placeDep ROOT sqlstring@2.3.3 OK for: mysql2@3.11.3 want: ^2.3.2
397 silly fetch manifest is-property@^1.0.2
398 silly packumentCache full:https://registry.npmjs.org/is-property cache-miss
399 silly fetch manifest lru-cache@^7.14.1
400 silly packumentCache full:https://registry.npmjs.org/lru-cache cache-miss
401 http fetch GET 200 https://registry.npmjs.org/is-property 34ms (cache miss)
402 silly packumentCache full:https://registry.npmjs.org/is-property set size:undefined disposed:false
403 http fetch GET 200 https://registry.npmjs.org/lru-cache 63ms (cache miss)
404 silly packumentCache full:https://registry.npmjs.org/lru-cache set size:undefined disposed:false
405 silly placeDep ROOT is-property@1.0.2 OK for: generate-function@2.3.1 want: ^1.0.2
406 silly placeDep ROOT lru-cache@7.18.3 OK for: named-placeholders@1.1.3 want: ^7.14.1
407 silly placeDep ROOT ee-first@1.1.1 OK for: on-finished@2.4.1 want: 1.1.1
408 silly placeDep ROOT forwarded@0.2.0 OK for: proxy-addr@2.0.7 want: 0.2.0
409 silly placeDep ROOT ipaddr.js@1.9.1 OK for: proxy-addr@2.0.7 want: 1.9.1
410 silly placeDep ROOT side-channel@1.0.6 OK for: qs@6.13.0 want: ^1.0.6
411 silly fetch manifest call-bind@^1.0.7
412 silly packumentCache full:https://registry.npmjs.org/call-bind cache-miss
413 silly fetch manifest es-errors@^1.3.0
414 silly packumentCache full:https://registry.npmjs.org/es-errors cache-miss
415 silly fetch manifest get-intrinsic@^1.2.4
416 silly packumentCache full:https://registry.npmjs.org/get-intrinsic cache-miss
417 silly fetch manifest object-inspect@^1.13.1
418 silly packumentCache full:https://registry.npmjs.org/object-inspect cache-miss
419 http fetch GET 200 https://registry.npmjs.org/call-bind 29ms (cache miss)
420 silly packumentCache full:https://registry.npmjs.org/call-bind set size:undefined disposed:false
421 http fetch GET 200 https://registry.npmjs.org/es-errors 39ms (cache miss)
422 silly packumentCache full:https://registry.npmjs.org/es-errors set size:undefined disposed:false
423 http fetch GET 200 https://registry.npmjs.org/get-intrinsic 40ms (cache miss)
424 silly packumentCache full:https://registry.npmjs.org/get-intrinsic set size:undefined disposed:false
425 http fetch GET 200 https://registry.npmjs.org/object-inspect 40ms (cache miss)
426 silly packumentCache full:https://registry.npmjs.org/object-inspect set size:undefined disposed:false
427 silly placeDep node_modules/send encodeurl@1.0.2 OK for: send@0.19.0 want: ~1.0.2
428 silly placeDep ROOT mime@1.6.0 OK for: send@0.19.0 want: 1.6.0
429 silly placeDep node_modules/send ms@2.1.3 OK for: send@0.19.0 want: 2.1.3
430 silly placeDep ROOT @types/debug@4.1.12 OK for: sequelize@6.37.4 want: ^4.1.8
431 silly placeDep ROOT @types/validator@13.12.2 OK for: sequelize@6.37.4 want: ^13.7.17
432 silly placeDep node_modules/sequelize debug@4.3.7 OK for: sequelize@6.37.4 want: ^4.3.4
433 silly placeDep ROOT dottie@2.0.6 OK for: sequelize@6.37.4 want: ^2.0.6
434 silly placeDep ROOT inflection@1.13.4 OK for: sequelize@6.37.4 want: ^1.13.4
435 silly placeDep ROOT lodash@4.17.21 OK for: sequelize@6.37.4 want: ^4.17.21
436 silly placeDep ROOT moment@2.30.1 OK for: sequelize@6.37.4 want: ^2.29.4
437 silly placeDep ROOT moment-timezone@0.5.46 OK for: sequelize@6.37.4 want: ^0.5.43
438 silly placeDep ROOT pg-connection-string@2.7.0 OK for: sequelize@6.37.4 want: ^2.6.1
439 silly placeDep ROOT retry-as-promised@7.0.4 OK for: sequelize@6.37.4 want: ^7.0.4
440 silly placeDep ROOT semver@7.6.3 OK for: sequelize@6.37.4 want: ^7.5.4
441 silly placeDep ROOT sequelize-pool@7.1.0 OK for: sequelize@6.37.4 want: ^7.1.0
442 silly placeDep ROOT toposort-class@1.0.1 OK for: sequelize@6.37.4 want: ^1.0.1
443 silly placeDep ROOT uuid@8.3.2 OK for: sequelize@6.37.4 want: ^8.3.2
444 silly placeDep ROOT validator@13.12.0 OK for: sequelize@6.37.4 want: ^13.9.0
445 silly placeDep ROOT wkx@0.5.0 OK for: sequelize@6.37.4 want: ^0.5.0
446 silly fetch manifest @types/ms@*
447 silly packumentCache full:https://registry.npmjs.org/@types%2fms cache-miss
448 silly fetch manifest ms@^2.1.3
449 silly packumentCache full:https://registry.npmjs.org/ms cache-hit
450 silly fetch manifest @types/node@*
451 silly packumentCache full:https://registry.npmjs.org/@types%2fnode cache-miss
452 http fetch GET 200 https://registry.npmjs.org/@types%2fms 44ms (cache miss)
453 silly packumentCache full:https://registry.npmjs.org/@types%2fms set size:undefined disposed:false
454 http fetch GET 200 https://registry.npmjs.org/@types%2fnode 240ms (cache miss)
455 silly packumentCache full:https://registry.npmjs.org/@types%2fnode set size:undefined disposed:false
456 silly placeDep ROOT @types/ms@0.7.34 OK for: @types/debug@4.1.12 want: *
457 silly placeDep ROOT call-bind@1.0.7 OK for: side-channel@1.0.6 want: ^1.0.7
458 silly placeDep ROOT es-errors@1.3.0 OK for: side-channel@1.0.6 want: ^1.3.0
459 silly placeDep ROOT get-intrinsic@1.2.4 OK for: side-channel@1.0.6 want: ^1.2.4
460 silly placeDep ROOT object-inspect@1.13.2 OK for: side-channel@1.0.6 want: ^1.13.1
461 silly fetch manifest es-define-property@^1.0.0
462 silly packumentCache full:https://registry.npmjs.org/es-define-property cache-miss
463 silly fetch manifest function-bind@^1.1.2
464 silly packumentCache full:https://registry.npmjs.org/function-bind cache-miss
465 silly fetch manifest set-function-length@^1.2.1
466 silly packumentCache full:https://registry.npmjs.org/set-function-length cache-miss
467 silly fetch manifest function-bind@^1.1.2
468 silly packumentCache full:https://registry.npmjs.org/function-bind cache-miss
469 silly fetch manifest has-proto@^1.0.1
470 silly packumentCache full:https://registry.npmjs.org/has-proto cache-miss
471 silly fetch manifest has-symbols@^1.0.3
472 silly packumentCache full:https://registry.npmjs.org/has-symbols cache-miss
473 silly fetch manifest hasown@^2.0.0
474 silly packumentCache full:https://registry.npmjs.org/hasown cache-miss
475 http fetch GET 200 https://registry.npmjs.org/es-define-property 75ms (cache miss)
476 silly packumentCache full:https://registry.npmjs.org/es-define-property set size:undefined disposed:false
477 http fetch GET 200 https://registry.npmjs.org/has-proto 70ms (cache miss)
478 silly packumentCache full:https://registry.npmjs.org/has-proto set size:undefined disposed:false
479 http fetch GET 200 https://registry.npmjs.org/function-bind 77ms (cache miss)
480 silly packumentCache full:https://registry.npmjs.org/function-bind set size:undefined disposed:false
481 http fetch GET 200 https://registry.npmjs.org/function-bind 78ms (cache miss)
482 silly packumentCache full:https://registry.npmjs.org/function-bind set size:undefined disposed:false
483 http fetch GET 200 https://registry.npmjs.org/set-function-length 82ms (cache miss)
484 silly packumentCache full:https://registry.npmjs.org/set-function-length set size:undefined disposed:false
485 http fetch GET 200 https://registry.npmjs.org/hasown 56ms (cache miss)
486 silly packumentCache full:https://registry.npmjs.org/hasown set size:undefined disposed:false
487 http fetch GET 200 https://registry.npmjs.org/has-symbols 59ms (cache miss)
488 silly packumentCache full:https://registry.npmjs.org/has-symbols set size:undefined disposed:false
489 silly placeDep ROOT es-define-property@1.0.0 OK for: call-bind@1.0.7 want: ^1.0.0
490 silly placeDep ROOT function-bind@1.1.2 OK for: call-bind@1.0.7 want: ^1.1.2
491 silly placeDep ROOT set-function-length@1.2.2 OK for: call-bind@1.0.7 want: ^1.2.1
492 silly fetch manifest define-data-property@^1.1.4
493 silly packumentCache full:https://registry.npmjs.org/define-data-property cache-miss
494 silly fetch manifest gopd@^1.0.1
495 silly packumentCache full:https://registry.npmjs.org/gopd cache-miss
496 silly fetch manifest has-property-descriptors@^1.0.2
497 silly packumentCache full:https://registry.npmjs.org/has-property-descriptors cache-miss
498 http fetch GET 200 https://registry.npmjs.org/gopd 33ms (cache miss)
499 silly packumentCache full:https://registry.npmjs.org/gopd set size:undefined disposed:false
500 http fetch GET 200 https://registry.npmjs.org/has-property-descriptors 33ms (cache miss)
501 silly packumentCache full:https://registry.npmjs.org/has-property-descriptors set size:undefined disposed:false
502 http fetch GET 200 https://registry.npmjs.org/define-data-property 36ms (cache miss)
503 silly packumentCache full:https://registry.npmjs.org/define-data-property set size:undefined disposed:false
504 silly placeDep ROOT has-proto@1.0.3 OK for: get-intrinsic@1.2.4 want: ^1.0.1
505 silly placeDep ROOT has-symbols@1.0.3 OK for: get-intrinsic@1.2.4 want: ^1.0.3
506 silly placeDep ROOT hasown@2.0.2 OK for: get-intrinsic@1.2.4 want: ^2.0.0
507 silly placeDep ROOT define-data-property@1.1.4 OK for: set-function-length@1.2.2 want: ^1.1.4
508 silly placeDep ROOT gopd@1.0.1 OK for: set-function-length@1.2.2 want: ^1.0.1
509 silly placeDep ROOT has-property-descriptors@1.0.2 OK for: set-function-length@1.2.2 want: ^1.0.2
510 silly placeDep ROOT media-typer@0.3.0 OK for: type-is@1.6.18 want: 0.3.0
511 silly placeDep ROOT @types/node@22.7.5 OK for: wkx@0.5.0 want: *
512 silly fetch manifest undici-types@~6.19.2
513 silly packumentCache full:https://registry.npmjs.org/undici-types cache-miss
514 http fetch GET 200 https://registry.npmjs.org/undici-types 31ms (cache miss)
515 silly packumentCache full:https://registry.npmjs.org/undici-types set size:undefined disposed:false
516 silly placeDep ROOT undici-types@6.19.8 OK for: @types/node@22.7.5 want: ~6.19.2
517 silly placeDep node_modules/sequelize ms@2.1.3 OK for: debug@4.3.7 want: ^2.1.3
518 silly reify moves {}
519 silly audit bulk request {
519 silly audit   express: [ '4.21.1' ],
519 silly audit   mysql2: [ '3.11.3' ],
519 silly audit   sequelize: [ '6.37.4' ],
519 silly audit   accepts: [ '1.3.8' ],
519 silly audit   'array-flatten': [ '1.1.1' ],
519 silly audit   'body-parser': [ '1.20.3' ],
519 silly audit   'content-disposition': [ '0.5.4' ],
519 silly audit   'content-type': [ '1.0.5' ],
519 silly audit   cookie: [ '0.7.1' ],
519 silly audit   'cookie-signature': [ '1.0.6' ],
519 silly audit   debug: [ '2.6.9', '4.3.7' ],
519 silly audit   depd: [ '2.0.0' ],
519 silly audit   encodeurl: [ '2.0.0', '1.0.2' ],
519 silly audit   'escape-html': [ '1.0.3' ],
519 silly audit   etag: [ '1.8.1' ],
519 silly audit   finalhandler: [ '1.3.1' ],
519 silly audit   fresh: [ '0.5.2' ],
519 silly audit   'http-errors': [ '2.0.0' ],
519 silly audit   'merge-descriptors': [ '1.0.3' ],
519 silly audit   methods: [ '1.1.2' ],
519 silly audit   'on-finished': [ '2.4.1' ],
519 silly audit   parseurl: [ '1.3.3' ],
519 silly audit   'path-to-regexp': [ '0.1.10' ],
519 silly audit   'proxy-addr': [ '2.0.7' ],
519 silly audit   qs: [ '6.13.0' ],
519 silly audit   'range-parser': [ '1.2.1' ],
519 silly audit   'safe-buffer': [ '5.2.1' ],
519 silly audit   send: [ '0.19.0' ],
519 silly audit   'serve-static': [ '1.16.2' ],
519 silly audit   setprototypeof: [ '1.2.0' ],
519 silly audit   statuses: [ '2.0.1' ],
519 silly audit   'type-is': [ '1.6.18' ],
519 silly audit   'utils-merge': [ '1.0.1' ],
519 silly audit   vary: [ '1.1.2' ],
519 silly audit   'mime-types': [ '2.1.35' ],
519 silly audit   negotiator: [ '0.6.3' ],
519 silly audit   bytes: [ '3.1.2' ],
519 silly audit   destroy: [ '1.2.0' ],
519 silly audit   'iconv-lite': [ '0.4.24', '0.6.3' ],
519 silly audit   'raw-body': [ '2.5.2' ],
519 silly audit   unpipe: [ '1.0.0' ],
519 silly audit   ms: [ '2.0.0', '2.1.3' ],
519 silly audit   inherits: [ '2.0.4' ],
519 silly audit   toidentifier: [ '1.0.1' ],
519 silly audit   'safer-buffer': [ '2.1.2' ],
519 silly audit   'mime-db': [ '1.52.0' ],
519 silly audit   'aws-ssl-profiles': [ '1.1.2' ],
519 silly audit   denque: [ '2.1.0' ],
519 silly audit   'generate-function': [ '2.3.1' ],
519 silly audit   long: [ '5.2.3' ],
519 silly audit   'lru.min': [ '1.1.1' ],
519 silly audit   'named-placeholders': [ '1.1.3' ],
519 silly audit   'seq-queue': [ '0.0.5' ],
519 silly audit   sqlstring: [ '2.3.3' ],
519 silly audit   'is-property': [ '1.0.2' ],
519 silly audit   'lru-cache': [ '7.18.3' ],
519 silly audit   'ee-first': [ '1.1.1' ],
519 silly audit   forwarded: [ '0.2.0' ],
519 silly audit   'ipaddr.js': [ '1.9.1' ],
519 silly audit   'side-channel': [ '1.0.6' ],
519 silly audit   mime: [ '1.6.0' ],
519 silly audit   '@types/debug': [ '4.1.12' ],
519 silly audit   '@types/validator': [ '13.12.2' ],
519 silly audit   dottie: [ '2.0.6' ],
519 silly audit   inflection: [ '1.13.4' ],
519 silly audit   lodash: [ '4.17.21' ],
519 silly audit   moment: [ '2.30.1' ],
519 silly audit   'moment-timezone': [ '0.5.46' ],
519 silly audit   'pg-connection-string': [ '2.7.0' ],
519 silly audit   'retry-as-promised': [ '7.0.4' ],
519 silly audit   semver: [ '7.6.3' ],
519 silly audit   'sequelize-pool': [ '7.1.0' ],
519 silly audit   'toposort-class': [ '1.0.1' ],
519 silly audit   uuid: [ '8.3.2' ],
519 silly audit   validator: [ '13.12.0' ],
519 silly audit   wkx: [ '0.5.0' ],
519 silly audit   '@types/ms': [ '0.7.34' ],
519 silly audit   'call-bind': [ '1.0.7' ],
519 silly audit   'es-errors': [ '1.3.0' ],
519 silly audit   'get-intrinsic': [ '1.2.4' ],
519 silly audit   'object-inspect': [ '1.13.2' ],
519 silly audit   'es-define-property': [ '1.0.0' ],
519 silly audit   'function-bind': [ '1.1.2' ],
519 silly audit   'set-function-length': [ '1.2.2' ],
519 silly audit   'has-proto': [ '1.0.3' ],
519 silly audit   'has-symbols': [ '1.0.3' ],
519 silly audit   hasown: [ '2.0.2' ],
519 silly audit   'define-data-property': [ '1.1.4' ],
519 silly audit   gopd: [ '1.0.1' ],
519 silly audit   'has-property-descriptors': [ '1.0.2' ],
519 silly audit   'media-typer': [ '0.3.0' ],
519 silly audit   '@types/node': [ '22.7.5' ],
519 silly audit   'undici-types': [ '6.19.8' ]
519 silly audit }
520 silly tarball no local data for undici-types@https://registry.npmjs.org/undici-types/-/undici-types-6.19.8.tgz. Extracting by manifest.
521 silly tarball no local data for @types/node@https://registry.npmjs.org/@types/node/-/node-22.7.5.tgz. Extracting by manifest.
522 silly tarball no local data for media-typer@https://registry.npmjs.org/media-typer/-/media-typer-0.3.0.tgz. Extracting by manifest.
523 silly tarball no local data for has-property-descriptors@https://registry.npmjs.org/has-property-descriptors/-/has-property-descriptors-1.0.2.tgz. Extracting by manifest.
524 silly tarball no local data for gopd@https://registry.npmjs.org/gopd/-/gopd-1.0.1.tgz. Extracting by manifest.
525 silly tarball no local data for define-data-property@https://registry.npmjs.org/define-data-property/-/define-data-property-1.1.4.tgz. Extracting by manifest.
526 silly tarball no local data for hasown@https://registry.npmjs.org/hasown/-/hasown-2.0.2.tgz. Extracting by manifest.
527 silly tarball no local data for has-symbols@https://registry.npmjs.org/has-symbols/-/has-symbols-1.0.3.tgz. Extracting by manifest.
528 silly tarball no local data for has-proto@https://registry.npmjs.org/has-proto/-/has-proto-1.0.3.tgz. Extracting by manifest.
529 silly tarball no local data for set-function-length@https://registry.npmjs.org/set-function-length/-/set-function-length-1.2.2.tgz. Extracting by manifest.
530 silly tarball no local data for function-bind@https://registry.npmjs.org/function-bind/-/function-bind-1.1.2.tgz. Extracting by manifest.
531 silly tarball no local data for es-define-property@https://registry.npmjs.org/es-define-property/-/es-define-property-1.0.0.tgz. Extracting by manifest.
532 silly tarball no local data for object-inspect@https://registry.npmjs.org/object-inspect/-/object-inspect-1.13.2.tgz. Extracting by manifest.
533 silly tarball no local data for get-intrinsic@https://registry.npmjs.org/get-intrinsic/-/get-intrinsic-1.2.4.tgz. Extracting by manifest.
534 silly tarball no local data for es-errors@https://registry.npmjs.org/es-errors/-/es-errors-1.3.0.tgz. Extracting by manifest.
535 silly tarball no local data for call-bind@https://registry.npmjs.org/call-bind/-/call-bind-1.0.7.tgz. Extracting by manifest.
536 silly tarball no local data for @types/ms@https://registry.npmjs.org/@types/ms/-/ms-0.7.34.tgz. Extracting by manifest.
537 silly tarball no local data for wkx@https://registry.npmjs.org/wkx/-/wkx-0.5.0.tgz. Extracting by manifest.
538 silly tarball no local data for validator@https://registry.npmjs.org/validator/-/validator-13.12.0.tgz. Extracting by manifest.
539 silly tarball no local data for uuid@https://registry.npmjs.org/uuid/-/uuid-8.3.2.tgz. Extracting by manifest.
540 silly tarball no local data for toposort-class@https://registry.npmjs.org/toposort-class/-/toposort-class-1.0.1.tgz. Extracting by manifest.
541 silly tarball no local data for sequelize-pool@https://registry.npmjs.org/sequelize-pool/-/sequelize-pool-7.1.0.tgz. Extracting by manifest.
542 silly tarball no local data for semver@https://registry.npmjs.org/semver/-/semver-7.6.3.tgz. Extracting by manifest.
543 silly tarball no local data for retry-as-promised@https://registry.npmjs.org/retry-as-promised/-/retry-as-promised-7.0.4.tgz. Extracting by manifest.
544 silly tarball no local data for pg-connection-string@https://registry.npmjs.org/pg-connection-string/-/pg-connection-string-2.7.0.tgz. Extracting by manifest.
545 silly tarball no local data for moment-timezone@https://registry.npmjs.org/moment-timezone/-/moment-timezone-0.5.46.tgz. Extracting by manifest.
546 silly tarball no local data for moment@https://registry.npmjs.org/moment/-/moment-2.30.1.tgz. Extracting by manifest.
547 silly tarball no local data for lodash@https://registry.npmjs.org/lodash/-/lodash-4.17.21.tgz. Extracting by manifest.
548 silly tarball no local data for inflection@https://registry.npmjs.org/inflection/-/inflection-1.13.4.tgz. Extracting by manifest.
549 silly tarball no local data for dottie@https://registry.npmjs.org/dottie/-/dottie-2.0.6.tgz. Extracting by manifest.
550 silly tarball no local data for @types/validator@https://registry.npmjs.org/@types/validator/-/validator-13.12.2.tgz. Extracting by manifest.
551 silly tarball no local data for @types/debug@https://registry.npmjs.org/@types/debug/-/debug-4.1.12.tgz. Extracting by manifest.
552 silly tarball no local data for mime@https://registry.npmjs.org/mime/-/mime-1.6.0.tgz. Extracting by manifest.
553 silly tarball no local data for side-channel@https://registry.npmjs.org/side-channel/-/side-channel-1.0.6.tgz. Extracting by manifest.
554 silly tarball no local data for ipaddr.js@https://registry.npmjs.org/ipaddr.js/-/ipaddr.js-1.9.1.tgz. Extracting by manifest.
555 silly tarball no local data for forwarded@https://registry.npmjs.org/forwarded/-/forwarded-0.2.0.tgz. Extracting by manifest.
556 silly tarball no local data for ee-first@https://registry.npmjs.org/ee-first/-/ee-first-1.1.1.tgz. Extracting by manifest.
557 silly tarball no local data for lru-cache@https://registry.npmjs.org/lru-cache/-/lru-cache-7.18.3.tgz. Extracting by manifest.
558 silly tarball no local data for is-property@https://registry.npmjs.org/is-property/-/is-property-1.0.2.tgz. Extracting by manifest.
559 silly tarball no local data for sqlstring@https://registry.npmjs.org/sqlstring/-/sqlstring-2.3.3.tgz. Extracting by manifest.
560 silly tarball no local data for seq-queue@https://registry.npmjs.org/seq-queue/-/seq-queue-0.0.5.tgz. Extracting by manifest.
561 silly tarball no local data for named-placeholders@https://registry.npmjs.org/named-placeholders/-/named-placeholders-1.1.3.tgz. Extracting by manifest.
562 silly tarball no local data for lru.min@https://registry.npmjs.org/lru.min/-/lru.min-1.1.1.tgz. Extracting by manifest.
563 silly tarball no local data for long@https://registry.npmjs.org/long/-/long-5.2.3.tgz. Extracting by manifest.
564 silly tarball no local data for generate-function@https://registry.npmjs.org/generate-function/-/generate-function-2.3.1.tgz. Extracting by manifest.
565 silly tarball no local data for denque@https://registry.npmjs.org/denque/-/denque-2.1.0.tgz. Extracting by manifest.
566 silly tarball no local data for aws-ssl-profiles@https://registry.npmjs.org/aws-ssl-profiles/-/aws-ssl-profiles-1.1.2.tgz. Extracting by manifest.
567 silly tarball no local data for mime-db@https://registry.npmjs.org/mime-db/-/mime-db-1.52.0.tgz. Extracting by manifest.
568 silly tarball no local data for safer-buffer@https://registry.npmjs.org/safer-buffer/-/safer-buffer-2.1.2.tgz. Extracting by manifest.
569 silly tarball no local data for toidentifier@https://registry.npmjs.org/toidentifier/-/toidentifier-1.0.1.tgz. Extracting by manifest.
570 silly tarball no local data for inherits@https://registry.npmjs.org/inherits/-/inherits-2.0.4.tgz. Extracting by manifest.
571 silly tarball no local data for ms@https://registry.npmjs.org/ms/-/ms-2.0.0.tgz. Extracting by manifest.
572 silly tarball no local data for unpipe@https://registry.npmjs.org/unpipe/-/unpipe-1.0.0.tgz. Extracting by manifest.
573 silly tarball no local data for raw-body@https://registry.npmjs.org/raw-body/-/raw-body-2.5.2.tgz. Extracting by manifest.
574 silly tarball no local data for iconv-lite@https://registry.npmjs.org/iconv-lite/-/iconv-lite-0.4.24.tgz. Extracting by manifest.
575 silly tarball no local data for destroy@https://registry.npmjs.org/destroy/-/destroy-1.2.0.tgz. Extracting by manifest.
576 silly tarball no local data for bytes@https://registry.npmjs.org/bytes/-/bytes-3.1.2.tgz. Extracting by manifest.
577 silly tarball no local data for negotiator@https://registry.npmjs.org/negotiator/-/negotiator-0.6.3.tgz. Extracting by manifest.
578 silly tarball no local data for mime-types@https://registry.npmjs.org/mime-types/-/mime-types-2.1.35.tgz. Extracting by manifest.
579 silly tarball no local data for vary@https://registry.npmjs.org/vary/-/vary-1.1.2.tgz. Extracting by manifest.
580 silly tarball no local data for utils-merge@https://registry.npmjs.org/utils-merge/-/utils-merge-1.0.1.tgz. Extracting by manifest.
581 silly tarball no local data for type-is@https://registry.npmjs.org/type-is/-/type-is-1.6.18.tgz. Extracting by manifest.
582 silly tarball no local data for statuses@https://registry.npmjs.org/statuses/-/statuses-2.0.1.tgz. Extracting by manifest.
583 silly tarball no local data for setprototypeof@https://registry.npmjs.org/setprototypeof/-/setprototypeof-1.2.0.tgz. Extracting by manifest.
584 silly tarball no local data for serve-static@https://registry.npmjs.org/serve-static/-/serve-static-1.16.2.tgz. Extracting by manifest.
585 silly tarball no local data for send@https://registry.npmjs.org/send/-/send-0.19.0.tgz. Extracting by manifest.
586 silly tarball no local data for safe-buffer@https://registry.npmjs.org/safe-buffer/-/safe-buffer-5.2.1.tgz. Extracting by manifest.
587 silly tarball no local data for range-parser@https://registry.npmjs.org/range-parser/-/range-parser-1.2.1.tgz. Extracting by manifest.
588 silly tarball no local data for qs@https://registry.npmjs.org/qs/-/qs-6.13.0.tgz. Extracting by manifest.
589 silly tarball no local data for proxy-addr@https://registry.npmjs.org/proxy-addr/-/proxy-addr-2.0.7.tgz. Extracting by manifest.
590 silly tarball no local data for path-to-regexp@https://registry.npmjs.org/path-to-regexp/-/path-to-regexp-0.1.10.tgz. Extracting by manifest.
591 silly tarball no local data for parseurl@https://registry.npmjs.org/parseurl/-/parseurl-1.3.3.tgz. Extracting by manifest.
592 silly tarball no local data for on-finished@https://registry.npmjs.org/on-finished/-/on-finished-2.4.1.tgz. Extracting by manifest.
593 silly tarball no local data for methods@https://registry.npmjs.org/methods/-/methods-1.1.2.tgz. Extracting by manifest.
594 silly tarball no local data for merge-descriptors@https://registry.npmjs.org/merge-descriptors/-/merge-descriptors-1.0.3.tgz. Extracting by manifest.
595 silly tarball no local data for http-errors@https://registry.npmjs.org/http-errors/-/http-errors-2.0.0.tgz. Extracting by manifest.
596 silly tarball no local data for fresh@https://registry.npmjs.org/fresh/-/fresh-0.5.2.tgz. Extracting by manifest.
597 silly tarball no local data for finalhandler@https://registry.npmjs.org/finalhandler/-/finalhandler-1.3.1.tgz. Extracting by manifest.
598 silly tarball no local data for etag@https://registry.npmjs.org/etag/-/etag-1.8.1.tgz. Extracting by manifest.
599 silly tarball no local data for escape-html@https://registry.npmjs.org/escape-html/-/escape-html-1.0.3.tgz. Extracting by manifest.
600 silly tarball no local data for encodeurl@https://registry.npmjs.org/encodeurl/-/encodeurl-2.0.0.tgz. Extracting by manifest.
601 silly tarball no local data for depd@https://registry.npmjs.org/depd/-/depd-2.0.0.tgz. Extracting by manifest.
602 silly tarball no local data for debug@https://registry.npmjs.org/debug/-/debug-2.6.9.tgz. Extracting by manifest.
603 silly tarball no local data for cookie-signature@https://registry.npmjs.org/cookie-signature/-/cookie-signature-1.0.6.tgz. Extracting by manifest.
604 silly tarball no local data for cookie@https://registry.npmjs.org/cookie/-/cookie-0.7.1.tgz. Extracting by manifest.
605 silly tarball no local data for content-type@https://registry.npmjs.org/content-type/-/content-type-1.0.5.tgz. Extracting by manifest.
606 silly tarball no local data for content-disposition@https://registry.npmjs.org/content-disposition/-/content-disposition-0.5.4.tgz. Extracting by manifest.
607 silly tarball no local data for body-parser@https://registry.npmjs.org/body-parser/-/body-parser-1.20.3.tgz. Extracting by manifest.
608 silly tarball no local data for array-flatten@https://registry.npmjs.org/array-flatten/-/array-flatten-1.1.1.tgz. Extracting by manifest.
609 silly tarball no local data for accepts@https://registry.npmjs.org/accepts/-/accepts-1.3.8.tgz. Extracting by manifest.
610 silly tarball no local data for sequelize@https://registry.npmjs.org/sequelize/-/sequelize-6.37.4.tgz. Extracting by manifest.
611 silly tarball no local data for mysql2@https://registry.npmjs.org/mysql2/-/mysql2-3.11.3.tgz. Extracting by manifest.
612 silly tarball no local data for express@https://registry.npmjs.org/express/-/express-4.21.1.tgz. Extracting by manifest.
613 silly tarball no local data for ms@https://registry.npmjs.org/ms/-/ms-2.1.3.tgz. Extracting by manifest.
614 silly tarball no local data for encodeurl@https://registry.npmjs.org/encodeurl/-/encodeurl-1.0.2.tgz. Extracting by manifest.
615 silly tarball no local data for ms@https://registry.npmjs.org/ms/-/ms-2.1.3.tgz. Extracting by manifest.
616 silly tarball no local data for debug@https://registry.npmjs.org/debug/-/debug-4.3.7.tgz. Extracting by manifest.
617 silly tarball no local data for iconv-lite@https://registry.npmjs.org/iconv-lite/-/iconv-lite-0.6.3.tgz. Extracting by manifest.
618 http fetch POST 200 https://registry.npmjs.org/-/npm/v1/security/advisories/bulk 276ms
619 silly audit report {}
620 http fetch GET 200 https://registry.npmjs.org/media-typer/-/media-typer-0.3.0.tgz 684ms (cache miss)
621 http fetch GET 200 https://registry.npmjs.org/define-data-property/-/define-data-property-1.1.4.tgz 682ms (cache miss)
622 http fetch GET 200 https://registry.npmjs.org/toposort-class/-/toposort-class-1.0.1.tgz 690ms (cache miss)
623 http fetch GET 200 https://registry.npmjs.org/has-property-descriptors/-/has-property-descriptors-1.0.2.tgz 728ms (cache miss)
624 http fetch GET 200 https://registry.npmjs.org/call-bind/-/call-bind-1.0.7.tgz 718ms (cache miss)
625 http fetch GET 200 https://registry.npmjs.org/es-errors/-/es-errors-1.3.0.tgz 736ms (cache miss)
626 http fetch GET 200 https://registry.npmjs.org/@types/ms/-/ms-0.7.34.tgz 735ms (cache miss)
627 http fetch GET 200 https://registry.npmjs.org/gopd/-/gopd-1.0.1.tgz 747ms (cache miss)
628 http fetch GET 200 https://registry.npmjs.org/sequelize-pool/-/sequelize-pool-7.1.0.tgz 744ms (cache miss)
629 http fetch GET 200 https://registry.npmjs.org/pg-connection-string/-/pg-connection-string-2.7.0.tgz 777ms (cache miss)
630 http fetch GET 200 https://registry.npmjs.org/@types/debug/-/debug-4.1.12.tgz 789ms (cache miss)
631 http fetch GET 200 https://registry.npmjs.org/hasown/-/hasown-2.0.2.tgz 825ms (cache miss)
632 http fetch GET 200 https://registry.npmjs.org/sqlstring/-/sqlstring-2.3.3.tgz 795ms (cache miss)
633 http fetch GET 200 https://registry.npmjs.org/seq-queue/-/seq-queue-0.0.5.tgz 794ms (cache miss)
634 http fetch GET 200 https://registry.npmjs.org/negotiator/-/negotiator-0.6.3.tgz 776ms (cache miss)
635 http fetch GET 200 https://registry.npmjs.org/retry-as-promised/-/retry-as-promised-7.0.4.tgz 819ms (cache miss)
636 http fetch GET 200 https://registry.npmjs.org/inflection/-/inflection-1.13.4.tgz 815ms (cache miss)
637 http fetch GET 200 https://registry.npmjs.org/ee-first/-/ee-first-1.1.1.tgz 810ms (cache miss)
638 http fetch GET 200 https://registry.npmjs.org/forwarded/-/forwarded-0.2.0.tgz 810ms (cache miss)
639 http fetch GET 200 https://registry.npmjs.org/inherits/-/inherits-2.0.4.tgz 799ms (cache miss)
640 http fetch GET 200 https://registry.npmjs.org/destroy/-/destroy-1.2.0.tgz 790ms (cache miss)
641 http fetch GET 200 https://registry.npmjs.org/es-define-property/-/es-define-property-1.0.0.tgz 847ms (cache miss)
642 http fetch GET 200 https://registry.npmjs.org/is-property/-/is-property-1.0.2.tgz 820ms (cache miss)
643 http fetch GET 200 https://registry.npmjs.org/lru.min/-/lru.min-1.1.1.tgz 817ms (cache miss)
644 http fetch GET 200 https://registry.npmjs.org/named-placeholders/-/named-placeholders-1.1.3.tgz 818ms (cache miss)
645 http fetch GET 200 https://registry.npmjs.org/raw-body/-/raw-body-2.5.2.tgz 810ms (cache miss)
646 http fetch GET 200 https://registry.npmjs.org/dottie/-/dottie-2.0.6.tgz 837ms (cache miss)
647 http fetch GET 200 https://registry.npmjs.org/generate-function/-/generate-function-2.3.1.tgz 826ms (cache miss)
648 http fetch GET 200 https://registry.npmjs.org/denque/-/denque-2.1.0.tgz 826ms (cache miss)
649 http fetch GET 200 https://registry.npmjs.org/on-finished/-/on-finished-2.4.1.tgz 798ms (cache miss)
650 http fetch GET 200 https://registry.npmjs.org/ms/-/ms-2.0.0.tgz 830ms (cache miss)
651 http fetch GET 200 https://registry.npmjs.org/toidentifier/-/toidentifier-1.0.1.tgz 832ms (cache miss)
652 http fetch GET 200 https://registry.npmjs.org/bytes/-/bytes-3.1.2.tgz 822ms (cache miss)
653 http fetch GET 200 https://registry.npmjs.org/serve-static/-/serve-static-1.16.2.tgz 814ms (cache miss)
654 http fetch GET 200 https://registry.npmjs.org/parseurl/-/parseurl-1.3.3.tgz 809ms (cache miss)
655 http fetch GET 200 https://registry.npmjs.org/proxy-addr/-/proxy-addr-2.0.7.tgz 811ms (cache miss)
656 http fetch GET 200 https://registry.npmjs.org/encodeurl/-/encodeurl-2.0.0.tgz 802ms (cache miss)
657 http fetch GET 200 https://registry.npmjs.org/has-proto/-/has-proto-1.0.3.tgz 881ms (cache miss)
658 http fetch GET 200 https://registry.npmjs.org/unpipe/-/unpipe-1.0.0.tgz 840ms (cache miss)
659 http fetch GET 200 https://registry.npmjs.org/type-is/-/type-is-1.6.18.tgz 826ms (cache miss)
660 http fetch GET 200 https://registry.npmjs.org/vary/-/vary-1.1.2.tgz 829ms (cache miss)
661 http fetch GET 200 https://registry.npmjs.org/setprototypeof/-/setprototypeof-1.2.0.tgz 825ms (cache miss)
662 http fetch GET 200 https://registry.npmjs.org/statuses/-/statuses-2.0.1.tgz 826ms (cache miss)
663 http fetch GET 200 https://registry.npmjs.org/merge-descriptors/-/merge-descriptors-1.0.3.tgz 816ms (cache miss)
664 http fetch GET 200 https://registry.npmjs.org/methods/-/methods-1.1.2.tgz 818ms (cache miss)
665 http fetch GET 200 https://registry.npmjs.org/fresh/-/fresh-0.5.2.tgz 815ms (cache miss)
666 http fetch GET 200 https://registry.npmjs.org/finalhandler/-/finalhandler-1.3.1.tgz 814ms (cache miss)
667 http fetch GET 200 https://registry.npmjs.org/cookie/-/cookie-0.7.1.tgz 803ms (cache miss)
668 http fetch GET 200 https://registry.npmjs.org/body-parser/-/body-parser-1.20.3.tgz 801ms (cache miss)
669 http fetch GET 200 https://registry.npmjs.org/utils-merge/-/utils-merge-1.0.1.tgz 838ms (cache miss)
670 http fetch GET 200 https://registry.npmjs.org/range-parser/-/range-parser-1.2.1.tgz 831ms (cache miss)
671 http fetch GET 200 https://registry.npmjs.org/path-to-regexp/-/path-to-regexp-0.1.10.tgz 828ms (cache miss)
672 http fetch GET 200 https://registry.npmjs.org/depd/-/depd-2.0.0.tgz 819ms (cache miss)
673 http fetch GET 200 https://registry.npmjs.org/content-disposition/-/content-disposition-0.5.4.tgz 809ms (cache miss)
674 http fetch GET 200 https://registry.npmjs.org/cookie-signature/-/cookie-signature-1.0.6.tgz 812ms (cache miss)
675 http fetch GET 200 https://registry.npmjs.org/set-function-length/-/set-function-length-1.2.2.tgz 898ms (cache miss)
676 http fetch GET 200 https://registry.npmjs.org/http-errors/-/http-errors-2.0.0.tgz 832ms (cache miss)
677 http fetch GET 200 https://registry.npmjs.org/array-flatten/-/array-flatten-1.1.1.tgz 815ms (cache miss)
678 http fetch GET 200 https://registry.npmjs.org/ipaddr.js/-/ipaddr.js-1.9.1.tgz 886ms (cache miss)
679 http fetch GET 200 https://registry.npmjs.org/mime-types/-/mime-types-2.1.35.tgz 861ms (cache miss)
680 http fetch GET 200 https://registry.npmjs.org/escape-html/-/escape-html-1.0.3.tgz 842ms (cache miss)
681 http fetch GET 200 https://registry.npmjs.org/content-type/-/content-type-1.0.5.tgz 831ms (cache miss)
682 http fetch GET 200 https://registry.npmjs.org/debug/-/debug-4.3.7.tgz 816ms (cache miss)
683 http fetch GET 200 https://registry.npmjs.org/accepts/-/accepts-1.3.8.tgz 834ms (cache miss)
684 http fetch GET 200 https://registry.npmjs.org/encodeurl/-/encodeurl-1.0.2.tgz 827ms (cache miss)
685 http fetch GET 200 https://registry.npmjs.org/ms/-/ms-2.1.3.tgz 828ms (cache miss)
686 http fetch GET 200 https://registry.npmjs.org/etag/-/etag-1.8.1.tgz 856ms (cache miss)
687 http fetch GET 200 https://registry.npmjs.org/get-intrinsic/-/get-intrinsic-1.2.4.tgz 927ms (cache miss)
688 http fetch GET 200 https://registry.npmjs.org/ms/-/ms-2.1.3.tgz 835ms (cache miss)
689 http fetch GET 200 https://registry.npmjs.org/long/-/long-5.2.3.tgz 902ms (cache miss)
690 http fetch GET 200 https://registry.npmjs.org/safe-buffer/-/safe-buffer-5.2.1.tgz 878ms (cache miss)
691 http fetch GET 200 https://registry.npmjs.org/has-symbols/-/has-symbols-1.0.3.tgz 942ms (cache miss)
692 http fetch GET 200 https://registry.npmjs.org/safer-buffer/-/safer-buffer-2.1.2.tgz 902ms (cache miss)
693 http fetch GET 200 https://registry.npmjs.org/function-bind/-/function-bind-1.1.2.tgz 944ms (cache miss)
694 http fetch GET 200 https://registry.npmjs.org/side-channel/-/side-channel-1.0.6.tgz 921ms (cache miss)
695 http fetch GET 200 https://registry.npmjs.org/send/-/send-0.19.0.tgz 891ms (cache miss)
696 http fetch GET 200 https://registry.npmjs.org/wkx/-/wkx-0.5.0.tgz 973ms (cache miss)
697 http fetch GET 200 https://registry.npmjs.org/mime/-/mime-1.6.0.tgz 963ms (cache miss)
698 http fetch GET 200 https://registry.npmjs.org/lru-cache/-/lru-cache-7.18.3.tgz 968ms (cache miss)
699 http fetch GET 200 https://registry.npmjs.org/mime-db/-/mime-db-1.52.0.tgz 960ms (cache miss)
700 http fetch GET 200 https://registry.npmjs.org/undici-types/-/undici-types-6.19.8.tgz 1011ms (cache miss)
701 http fetch GET 200 https://registry.npmjs.org/qs/-/qs-6.13.0.tgz 944ms (cache miss)
702 http fetch GET 200 https://registry.npmjs.org/express/-/express-4.21.1.tgz 915ms (cache miss)
703 http fetch GET 200 https://registry.npmjs.org/debug/-/debug-2.6.9.tgz 942ms (cache miss)
704 http fetch GET 200 https://registry.npmjs.org/aws-ssl-profiles/-/aws-ssl-profiles-1.1.2.tgz 997ms (cache miss)
705 http fetch GET 200 https://registry.npmjs.org/semver/-/semver-7.6.3.tgz 1032ms (cache miss)
706 http fetch GET 200 https://registry.npmjs.org/iconv-lite/-/iconv-lite-0.4.24.tgz 1001ms (cache miss)
707 http fetch GET 200 https://registry.npmjs.org/object-inspect/-/object-inspect-1.13.2.tgz 1070ms (cache miss)
708 http fetch GET 200 https://registry.npmjs.org/uuid/-/uuid-8.3.2.tgz 1084ms (cache miss)
709 http fetch GET 200 https://registry.npmjs.org/iconv-lite/-/iconv-lite-0.6.3.tgz 1027ms (cache miss)
710 http fetch GET 200 https://registry.npmjs.org/@types/validator/-/validator-13.12.2.tgz 1265ms (cache miss)
711 http fetch GET 200 https://registry.npmjs.org/moment-timezone/-/moment-timezone-0.5.46.tgz 1276ms (cache miss)
712 http fetch GET 200 https://registry.npmjs.org/mysql2/-/mysql2-3.11.3.tgz 1221ms (cache miss)
713 http fetch GET 200 https://registry.npmjs.org/@types/node/-/node-22.7.5.tgz 1334ms (cache miss)
714 http fetch GET 200 https://registry.npmjs.org/validator/-/validator-13.12.0.tgz 1350ms (cache miss)
715 http fetch GET 200 https://registry.npmjs.org/sequelize/-/sequelize-6.37.4.tgz 1477ms (cache miss)
716 http fetch GET 200 https://registry.npmjs.org/moment/-/moment-2.30.1.tgz 1632ms (cache miss)
717 http fetch GET 200 https://registry.npmjs.org/lodash/-/lodash-4.17.21.tgz 1676ms (cache miss)
718 silly ADD node_modules/undici-types
719 silly ADD node_modules/@types/node
720 silly ADD node_modules/media-typer
721 silly ADD node_modules/has-property-descriptors
722 silly ADD node_modules/gopd
723 silly ADD node_modules/define-data-property
724 silly ADD node_modules/hasown
725 silly ADD node_modules/has-symbols
726 silly ADD node_modules/has-proto
727 silly ADD node_modules/set-function-length
728 silly ADD node_modules/function-bind
729 silly ADD node_modules/es-define-property
730 silly ADD node_modules/object-inspect
731 silly ADD node_modules/get-intrinsic
732 silly ADD node_modules/es-errors
733 silly ADD node_modules/call-bind
734 silly ADD node_modules/@types/ms
735 silly ADD node_modules/wkx
736 silly ADD node_modules/validator
737 silly ADD node_modules/uuid
738 silly ADD node_modules/toposort-class
739 silly ADD node_modules/sequelize-pool
740 silly ADD node_modules/semver
741 silly ADD node_modules/retry-as-promised
742 silly ADD node_modules/pg-connection-string
743 silly ADD node_modules/moment-timezone
744 silly ADD node_modules/moment
745 silly ADD node_modules/lodash
746 silly ADD node_modules/inflection
747 silly ADD node_modules/dottie
748 silly ADD node_modules/@types/validator
749 silly ADD node_modules/@types/debug
750 silly ADD node_modules/mime
751 silly ADD node_modules/side-channel
752 silly ADD node_modules/ipaddr.js
753 silly ADD node_modules/forwarded
754 silly ADD node_modules/ee-first
755 silly ADD node_modules/lru-cache
756 silly ADD node_modules/is-property
757 silly ADD node_modules/sqlstring
758 silly ADD node_modules/seq-queue
759 silly ADD node_modules/named-placeholders
760 silly ADD node_modules/lru.min
761 silly ADD node_modules/long
762 silly ADD node_modules/generate-function
763 silly ADD node_modules/denque
764 silly ADD node_modules/aws-ssl-profiles
765 silly ADD node_modules/mime-db
766 silly ADD node_modules/safer-buffer
767 silly ADD node_modules/toidentifier
768 silly ADD node_modules/inherits
769 silly ADD node_modules/ms
770 silly ADD node_modules/unpipe
771 silly ADD node_modules/raw-body
772 silly ADD node_modules/iconv-lite
773 silly ADD node_modules/destroy
774 silly ADD node_modules/bytes
775 silly ADD node_modules/negotiator
776 silly ADD node_modules/mime-types
777 silly ADD node_modules/vary
778 silly ADD node_modules/utils-merge
779 silly ADD node_modules/type-is
780 silly ADD node_modules/statuses
781 silly ADD node_modules/setprototypeof
782 silly ADD node_modules/serve-static
783 silly ADD node_modules/send
784 silly ADD node_modules/send/node_modules/ms
785 silly ADD node_modules/send/node_modules/encodeurl
786 silly ADD node_modules/safe-buffer
787 silly ADD node_modules/range-parser
788 silly ADD node_modules/qs
789 silly ADD node_modules/proxy-addr
790 silly ADD node_modules/path-to-regexp
791 silly ADD node_modules/parseurl
792 silly ADD node_modules/on-finished
793 silly ADD node_modules/methods
794 silly ADD node_modules/merge-descriptors
795 silly ADD node_modules/http-errors
796 silly ADD node_modules/fresh
797 silly ADD node_modules/finalhandler
798 silly ADD node_modules/etag
799 silly ADD node_modules/escape-html
800 silly ADD node_modules/encodeurl
801 silly ADD node_modules/depd
802 silly ADD node_modules/debug
803 silly ADD node_modules/cookie-signature
804 silly ADD node_modules/cookie
805 silly ADD node_modules/content-type
806 silly ADD node_modules/content-disposition
807 silly ADD node_modules/body-parser
808 silly ADD node_modules/array-flatten
809 silly ADD node_modules/accepts
810 silly ADD node_modules/sequelize
811 silly ADD node_modules/sequelize/node_modules/ms
812 silly ADD node_modules/sequelize/node_modules/debug
813 silly ADD node_modules/mysql2
814 silly ADD node_modules/mysql2/node_modules/iconv-lite
815 silly ADD node_modules/express
816 verbose cwd /home/user/backend
817 verbose os Linux 5.10.186+
818 verbose node v20.17.0
819 verbose npm  v10.8.2
820 verbose exit 0
821 info ok
